<?xml version="1.0" encoding="UTF-8"?>
<robot generator="Robot 6.0.2 (Python 3.10.7 on win32)" generated="20230214 22:39:30.390" rpa="false" schemaversion="3">
<suite id="s1" name="Robotframework" source="C:\Users\House\Documents\GitHub\_robotframework">
<suite id="s1-s1" name="Test Login Rf" source="C:\Users\House\Documents\GitHub\_robotframework\test_login_rf.robot">
<test id="s1-s1-t1" name="Log in to the system" line="14">
<kw name="Open login page">
<kw name="Open Browser" library="SeleniumLibrary">
<arg>${LOGIN URL}</arg>
<arg>${BROWSER}</arg>
<doc>Opens a new browser instance to the optional ``url``.</doc>
<msg timestamp="20230214 22:39:31.760" level="INFO">Opening browser 'Chrome' to base url 'https://scouts-test.futbolkolektyw.pl/en'.</msg>
<msg timestamp="20230214 22:39:31.798" level="INFO">Cannot capture screenshot because no browser is open.</msg>
<msg timestamp="20230214 22:39:31.798" level="FAIL">WebDriverException: Message: 'chromedriver' executable needs to be in PATH. Please see https://chromedriver.chromium.org/home
</msg>
<status status="FAIL" starttime="20230214 22:39:31.759" endtime="20230214 22:39:31.805"/>
</kw>
<kw name="Title Should Be" library="SeleniumLibrary">
<arg>Scouts panel - sign in</arg>
<doc>Verifies that the current page title equals ``title``.</doc>
<status status="NOT RUN" starttime="20230214 22:39:31.805" endtime="20230214 22:39:31.805"/>
</kw>
<status status="FAIL" starttime="20230214 22:39:31.758" endtime="20230214 22:39:31.805"/>
</kw>
<kw name="Type in email">
<status status="NOT RUN" starttime="20230214 22:39:31.806" endtime="20230214 22:39:31.806"/>
</kw>
<kw name="Type in password">
<status status="NOT RUN" starttime="20230214 22:39:31.807" endtime="20230214 22:39:31.807"/>
</kw>
<kw name="Click on Submit button">
<status status="NOT RUN" starttime="20230214 22:39:31.814" endtime="20230214 22:39:31.814"/>
</kw>
<kw name="Assert dashboard">
<status status="NOT RUN" starttime="20230214 22:39:31.815" endtime="20230214 22:39:31.815"/>
</kw>
<kw name="Close Browser" library="SeleniumLibrary" type="TEARDOWN">
<doc>Closes the current browser.</doc>
<status status="PASS" starttime="20230214 22:39:31.816" endtime="20230214 22:39:31.816"/>
</kw>
<status status="FAIL" starttime="20230214 22:39:31.756" endtime="20230214 22:39:31.816">WebDriverException: Message: 'chromedriver' executable needs to be in PATH. Please see https://chromedriver.chromium.org/home
</status>
</test>
<doc>Suite description #automated tests for scout website</doc>
<status status="FAIL" starttime="20230214 22:39:30.869" endtime="20230214 22:39:31.818"/>
</suite>
<status status="FAIL" starttime="20230214 22:39:30.542" endtime="20230214 22:39:31.821"/>
</suite>
<statistics>
<total>
<stat pass="0" fail="1" skip="0">All Tests</stat>
</total>
<tag>
</tag>
<suite>
<stat pass="0" fail="1" skip="0" id="s1" name="Robotframework">Robotframework</stat>
<stat pass="0" fail="1" skip="0" id="s1-s1" name="Test Login Rf">Robotframework.Test Login Rf</stat>
</suite>
</statistics>
<errors>
</errors>
</robot>
